2020-04-15 18:09:59,917 : ERROR : Clear OSGi configuration :  : InvokeUpdateAction :  :  : Could not clean OSGi configuration area: C:\Program Files\KNIME\configuration\org.eclipse.osgi\190\0\.cp\os\win32\x86_64\localfile_1_0_0.dll
2020-04-15 18:23:33,720 : WARN  : main :  : Node : ARFF Reader : 0:1 : No source location provided! Please enter a valid location.
2020-04-15 18:23:35,544 : WARN  : main :  : Node : ARFF Reader : 0:2 : No source location provided! Please enter a valid location.
2020-04-15 18:24:06,400 : WARN  : main :  : Node : ARFF Reader : 2:1 : No source location provided! Please enter a valid location.
2020-04-15 18:27:46,346 : WARN  : main :  : Node : ARFF Reader : 2:1 : Input file 'C:\Users\Karthik\Desktop\CSCI585\hw4\shells.arff.txt' does not exist
2020-04-15 18:29:31,905 : WARN  : main :  : Node : ARFF Reader : 2:3 : No source location provided! Please enter a valid location.
2020-04-15 18:39:36,745 : ERROR : Clear OSGi configuration :  : InvokeInstallSiteAction :  :  : Could not clean OSGi configuration area: C:\Program Files\KNIME\configuration\org.eclipse.osgi\190\0\.cp\os\win32\x86_64\localfile_1_0_0.dll
2020-04-15 18:42:58,623 : ERROR : Worker-1 :  : RepositoryManager :  :  : MetaNode alexnet' from plugin 'org.knime.ext.dl4j.base' could not be created: org/deeplearning4j/nn/api/Model
java.lang.NoClassDefFoundError: org/deeplearning4j/nn/api/Model
	at java.lang.Class.getDeclaredMethods0(Native Method)
	at java.lang.Class.privateGetDeclaredMethods(Class.java:2701)
	at java.lang.Class.privateGetMethodRecursive(Class.java:3048)
	at java.lang.Class.getMethod0(Class.java:3018)
	at java.lang.Class.getMethod(Class.java:1784)
	at org.knime.core.node.port.PortType.getPortObjectSpecClass(PortType.java:293)
	at org.knime.core.node.port.PortType.<init>(PortType.java:114)
	at org.knime.core.node.port.PortTypeRegistry.createPortTypes(PortTypeRegistry.java:161)
	at org.knime.core.node.port.PortTypeRegistry.getPortType(PortTypeRegistry.java:198)
	at org.knime.core.node.port.PortTypeRegistry.getPortType(PortTypeRegistry.java:177)
	at org.knime.ext.dl4j.base.DLModelPortObject.<clinit>(DLModelPortObject.java:83)
	at java.lang.Class.forName0(Native Method)
	at java.lang.Class.forName(Class.java:264)
	at org.knime.core.node.port.PortType.load(PortType.java:266)
	at org.knime.core.node.port.PortType.load(PortType.java:249)
	at org.knime.core.node.workflow.FileWorkflowPersistor.loadOutPortTemplate(FileWorkflowPersistor.java:1711)
	at org.knime.core.node.workflow.FileWorkflowPersistor.preLoadNodeContainer(FileWorkflowPersistor.java:712)
	at org.knime.core.node.workflow.WorkflowManager.load(WorkflowManager.java:7856)
	at org.knime.core.node.workflow.WorkflowManager.load(WorkflowManager.java:7785)
	at org.knime.workbench.repository.RepositoryFactory.loadMetaNode(RepositoryFactory.java:219)
	at org.knime.workbench.repository.RepositoryFactory.createMetaNode(RepositoryFactory.java:167)
	at org.knime.workbench.repository.RepositoryManager.readMetanodes(RepositoryManager.java:223)
	at org.knime.workbench.repository.RepositoryManager.readRepository(RepositoryManager.java:179)
	at org.knime.workbench.repository.RepositoryManager.getRoot(RepositoryManager.java:644)
	at org.knime.workbench.repository.RepositoryManager.getRoot(RepositoryManager.java:657)
	at org.knime.workbench.workflowcoach.ui.WorkflowCoachView$3.run(WorkflowCoachView.java:268)
	at org.eclipse.core.internal.jobs.Worker.run(Worker.java:56)
Caused by: java.lang.ClassNotFoundException: An error occurred while automatically activating bundle org.knime.ext.dl4j.libs (900).
	at org.eclipse.osgi.internal.hooks.EclipseLazyStarter.postFindLocalClass(EclipseLazyStarter.java:112)
	at org.eclipse.osgi.internal.loader.classpath.ClasspathManager.findLocalClass(ClasspathManager.java:529)
	at org.eclipse.osgi.internal.loader.ModuleClassLoader.findLocalClass(ModuleClassLoader.java:328)
	at org.eclipse.osgi.internal.loader.BundleLoader.findLocalClass(BundleLoader.java:368)
	at org.eclipse.osgi.internal.loader.sources.SingleSourcePackage.loadClass(SingleSourcePackage.java:36)
	at org.eclipse.osgi.internal.loader.BundleLoader.findClassInternal(BundleLoader.java:442)
	at org.eclipse.osgi.internal.loader.BundleLoader.findClass(BundleLoader.java:395)
	at org.eclipse.osgi.internal.loader.BundleLoader.findClass(BundleLoader.java:387)
	at org.eclipse.osgi.internal.loader.ModuleClassLoader.loadClass(ModuleClassLoader.java:150)
	at java.lang.ClassLoader.loadClass(ClassLoader.java:357)
	... 27 more
Caused by: org.osgi.framework.BundleException: Exception in org.knime.ext.dl4j.libs.DL4JPluginActivator.start() of bundle org.knime.ext.dl4j.libs.
	at org.eclipse.osgi.internal.framework.BundleContextImpl.startActivator(BundleContextImpl.java:800)
	at org.eclipse.osgi.internal.framework.BundleContextImpl.start(BundleContextImpl.java:729)
	at org.eclipse.osgi.internal.framework.EquinoxBundle.startWorker0(EquinoxBundle.java:933)
	at org.eclipse.osgi.internal.framework.EquinoxBundle$EquinoxModule.startWorker(EquinoxBundle.java:309)
	at org.eclipse.osgi.container.Module.doStart(Module.java:581)
	at org.eclipse.osgi.container.Module.start(Module.java:449)
	at org.eclipse.osgi.framework.util.SecureAction.start(SecureAction.java:468)
	at org.eclipse.osgi.internal.hooks.EclipseLazyStarter.postFindLocalClass(EclipseLazyStarter.java:103)
	... 36 more
Caused by: java.lang.Exception: Backend Fragment for: CPU could not be found.
	at org.knime.ext.dl4j.libs.DL4JPluginActivator.start(DL4JPluginActivator.java:170)
	at org.eclipse.osgi.internal.framework.BundleContextImpl$3.run(BundleContextImpl.java:779)
	at org.eclipse.osgi.internal.framework.BundleContextImpl$3.run(BundleContextImpl.java:1)
	at java.security.AccessController.doPrivileged(Native Method)
	at org.eclipse.osgi.internal.framework.BundleContextImpl.startActivator(BundleContextImpl.java:772)
	... 43 more
2020-04-15 18:42:58,705 : ERROR : Worker-1 :  : RepositoryManager :  :  : MetaNode deepmlp' from plugin 'org.knime.ext.dl4j.base' could not be created: Could not initialize class org.knime.ext.dl4j.base.DLModelPortObject
java.lang.NoClassDefFoundError: Could not initialize class org.knime.ext.dl4j.base.DLModelPortObject
	at java.lang.Class.forName0(Native Method)
	at java.lang.Class.forName(Class.java:264)
	at org.knime.core.node.port.PortType.load(PortType.java:266)
	at org.knime.core.node.port.PortType.load(PortType.java:249)
	at org.knime.core.node.workflow.FileWorkflowPersistor.loadOutPortTemplate(FileWorkflowPersistor.java:1711)
	at org.knime.core.node.workflow.FileWorkflowPersistor.preLoadNodeContainer(FileWorkflowPersistor.java:712)
	at org.knime.core.node.workflow.WorkflowManager.load(WorkflowManager.java:7856)
	at org.knime.core.node.workflow.WorkflowManager.load(WorkflowManager.java:7785)
	at org.knime.workbench.repository.RepositoryFactory.loadMetaNode(RepositoryFactory.java:219)
	at org.knime.workbench.repository.RepositoryFactory.createMetaNode(RepositoryFactory.java:167)
	at org.knime.workbench.repository.RepositoryManager.readMetanodes(RepositoryManager.java:223)
	at org.knime.workbench.repository.RepositoryManager.readRepository(RepositoryManager.java:179)
	at org.knime.workbench.repository.RepositoryManager.getRoot(RepositoryManager.java:644)
	at org.knime.workbench.repository.RepositoryManager.getRoot(RepositoryManager.java:657)
	at org.knime.workbench.workflowcoach.ui.WorkflowCoachView$3.run(WorkflowCoachView.java:268)
	at org.eclipse.core.internal.jobs.Worker.run(Worker.java:56)
2020-04-15 18:42:58,774 : ERROR : Worker-1 :  : RepositoryManager :  :  : MetaNode lenet' from plugin 'org.knime.ext.dl4j.base' could not be created: Could not initialize class org.knime.ext.dl4j.base.DLModelPortObject
java.lang.NoClassDefFoundError: Could not initialize class org.knime.ext.dl4j.base.DLModelPortObject
	at java.lang.Class.forName0(Native Method)
	at java.lang.Class.forName(Class.java:264)
	at org.knime.core.node.port.PortType.load(PortType.java:266)
	at org.knime.core.node.port.PortType.load(PortType.java:249)
	at org.knime.core.node.workflow.FileWorkflowPersistor.loadOutPortTemplate(FileWorkflowPersistor.java:1711)
	at org.knime.core.node.workflow.FileWorkflowPersistor.preLoadNodeContainer(FileWorkflowPersistor.java:712)
	at org.knime.core.node.workflow.WorkflowManager.load(WorkflowManager.java:7856)
	at org.knime.core.node.workflow.WorkflowManager.load(WorkflowManager.java:7785)
	at org.knime.workbench.repository.RepositoryFactory.loadMetaNode(RepositoryFactory.java:219)
	at org.knime.workbench.repository.RepositoryFactory.createMetaNode(RepositoryFactory.java:167)
	at org.knime.workbench.repository.RepositoryManager.readMetanodes(RepositoryManager.java:223)
	at org.knime.workbench.repository.RepositoryManager.readRepository(RepositoryManager.java:179)
	at org.knime.workbench.repository.RepositoryManager.getRoot(RepositoryManager.java:644)
	at org.knime.workbench.repository.RepositoryManager.getRoot(RepositoryManager.java:657)
	at org.knime.workbench.workflowcoach.ui.WorkflowCoachView$3.run(WorkflowCoachView.java:268)
	at org.eclipse.core.internal.jobs.Worker.run(Worker.java:56)
2020-04-15 18:42:58,802 : ERROR : Worker-1 :  : RepositoryManager :  :  : MetaNode simplemlp' from plugin 'org.knime.ext.dl4j.base' could not be created: Could not initialize class org.knime.ext.dl4j.base.DLModelPortObject
java.lang.NoClassDefFoundError: Could not initialize class org.knime.ext.dl4j.base.DLModelPortObject
	at java.lang.Class.forName0(Native Method)
	at java.lang.Class.forName(Class.java:264)
	at org.knime.core.node.port.PortType.load(PortType.java:266)
	at org.knime.core.node.port.PortType.load(PortType.java:249)
	at org.knime.core.node.workflow.FileWorkflowPersistor.loadOutPortTemplate(FileWorkflowPersistor.java:1711)
	at org.knime.core.node.workflow.FileWorkflowPersistor.preLoadNodeContainer(FileWorkflowPersistor.java:712)
	at org.knime.core.node.workflow.WorkflowManager.load(WorkflowManager.java:7856)
	at org.knime.core.node.workflow.WorkflowManager.load(WorkflowManager.java:7785)
	at org.knime.workbench.repository.RepositoryFactory.loadMetaNode(RepositoryFactory.java:219)
	at org.knime.workbench.repository.RepositoryFactory.createMetaNode(RepositoryFactory.java:167)
	at org.knime.workbench.repository.RepositoryManager.readMetanodes(RepositoryManager.java:223)
	at org.knime.workbench.repository.RepositoryManager.readRepository(RepositoryManager.java:179)
	at org.knime.workbench.repository.RepositoryManager.getRoot(RepositoryManager.java:644)
	at org.knime.workbench.repository.RepositoryManager.getRoot(RepositoryManager.java:657)
	at org.knime.workbench.workflowcoach.ui.WorkflowCoachView$3.run(WorkflowCoachView.java:268)
	at org.eclipse.core.internal.jobs.Worker.run(Worker.java:56)
2020-04-15 18:42:58,831 : ERROR : Worker-1 :  : RepositoryManager :  :  : MetaNode deepbelief' from plugin 'org.knime.ext.dl4j.base' could not be created: Could not initialize class org.knime.ext.dl4j.base.DLModelPortObject
java.lang.NoClassDefFoundError: Could not initialize class org.knime.ext.dl4j.base.DLModelPortObject
	at java.lang.Class.forName0(Native Method)
	at java.lang.Class.forName(Class.java:264)
	at org.knime.core.node.port.PortType.load(PortType.java:266)
	at org.knime.core.node.port.PortType.load(PortType.java:249)
	at org.knime.core.node.workflow.FileWorkflowPersistor.loadOutPortTemplate(FileWorkflowPersistor.java:1711)
	at org.knime.core.node.workflow.FileWorkflowPersistor.preLoadNodeContainer(FileWorkflowPersistor.java:712)
	at org.knime.core.node.workflow.WorkflowManager.load(WorkflowManager.java:7856)
	at org.knime.core.node.workflow.WorkflowManager.load(WorkflowManager.java:7785)
	at org.knime.workbench.repository.RepositoryFactory.loadMetaNode(RepositoryFactory.java:219)
	at org.knime.workbench.repository.RepositoryFactory.createMetaNode(RepositoryFactory.java:167)
	at org.knime.workbench.repository.RepositoryManager.readMetanodes(RepositoryManager.java:223)
	at org.knime.workbench.repository.RepositoryManager.readRepository(RepositoryManager.java:179)
	at org.knime.workbench.repository.RepositoryManager.getRoot(RepositoryManager.java:644)
	at org.knime.workbench.repository.RepositoryManager.getRoot(RepositoryManager.java:657)
	at org.knime.workbench.workflowcoach.ui.WorkflowCoachView$3.run(WorkflowCoachView.java:268)
	at org.eclipse.core.internal.jobs.Worker.run(Worker.java:56)
2020-04-15 18:53:55,660 : WARN  : main :  : Node : Decision Tree Learner : 0:5 : Guessing target column: "sex".
2020-04-15 18:55:59,064 : WARN  : main :  : Node : Decision Tree Learner : 0:5 : Class column "C:\Users\Karthik\Desktop\CSCI585\hw4" not found or incompatible
2020-04-15 18:56:06,560 : WARN  : main :  : Node : Decision Tree Learner : 0:5 : Class column "C:\Users\Karthik\Desktop\CSCI585\hw4" not found or incompatible
2020-04-15 18:56:42,470 : WARN  : main :  : Node : Decision Tree Learner : 0:4 : Guessing target column: "sex".
2020-04-15 19:00:38,516 : ERROR : AWT-EventQueue-0 :  : DecTreeLearnerGraphView2 :  :  : A zoom which is lower than 10% is not supported
2020-04-15 19:00:44,618 : ERROR : AWT-EventQueue-0 :  : DecTreeLearnerGraphView2 :  :  : A zoom which is lower than 10% is not supported
2020-04-15 19:35:06,653 : ERROR : AWT-EventQueue-0 :  : DecTreeLearnerGraphView2 :  :  : A zoom which is lower than 10% is not supported
